[2023-02-28 15:02:50] [ INFO ] [CategoriaService:26] Se inicio una operacion de guardado de la categoria con titulo departamentos
[2023-02-28 15:02:57] [ INFO ] [CategoriaService:26] Se inicio una operacion de guardado de la categoria con titulo departamentos
[2023-02-28 15:02:59] [ INFO ] [CategoriaService:26] Se inicio una operacion de guardado de la categoria con titulo departamentos
[2023-03-01 09:22:49] [ INFO ] [CategoriaService:26] Se inicio una operacion de guardado de la categoria con titulo departamentos
[2023-03-01 09:22:51] [ INFO ] [CategoriaService:26] Se inicio una operacion de guardado de la categoria con titulo departamentos
[2023-03-01 10:20:17] [ INFO ] [ImagenService:24] Se inicio una operacion de guardado de la imagen con titulo departamentos
[2023-03-01 10:20:18] [ INFO ] [ImagenService:24] Se inicio una operacion de guardado de la imagen con titulo departamentos
[2023-03-01 10:20:19] [ INFO ] [ImagenService:24] Se inicio una operacion de guardado de la imagen con titulo departamentos
[2023-03-01 10:20:19] [ INFO ] [ImagenService:24] Se inicio una operacion de guardado de la imagen con titulo departamentos
[2023-03-01 10:20:20] [ INFO ] [ImagenService:24] Se inicio una operacion de guardado de la imagen con titulo departamentos
[2023-03-01 10:55:53] [ INFO ] [ImagenService:24] Se inicio una operacion de guardado de la imagen con titulo departamentos
[2023-03-01 10:55:54] [ INFO ] [ImagenService:24] Se inicio una operacion de guardado de la imagen con titulo departamentos
[2023-03-01 11:15:44] [ INFO ] [CategoriaService:26] Se inicio una operacion de guardado de la categoria con titulo null
[2023-03-01 11:16:22] [ INFO ] [CategoriaService:26] Se inicio una operacion de guardado de la categoria con titulo departamentos
[2023-03-01 11:16:24] [ INFO ] [CategoriaService:26] Se inicio una operacion de guardado de la categoria con titulo departamentos
[2023-03-01 11:23:43] [ INFO ] [ImagenService:24] Se inicio una operacion de guardado de la imagen con titulo departamentos
[2023-03-01 11:23:44] [ INFO ] [ImagenService:24] Se inicio una operacion de guardado de la imagen con titulo departamentos
[2023-03-01 11:23:48] [ INFO ] [ImagenService:24] Se inicio una operacion de guardado de la imagen con titulo departamentos
[2023-03-01 11:25:44] [ INFO ] [ImagenService:24] Se inicio una operacion de guardado de la imagen con titulo departamentos
[2023-03-01 11:26:38] [ INFO ] [ImagenService:24] Se inicio una operacion de guardado de la imagen con titulo departamentos
[2023-03-01 11:26:40] [ INFO ] [ImagenService:24] Se inicio una operacion de guardado de la imagen con titulo departamentos
[2023-03-01 11:26:41] [ INFO ] [ImagenService:24] Se inicio una operacion de guardado de la imagen con titulo departamentos
[2023-03-01 11:26:42] [ INFO ] [ImagenService:24] Se inicio una operacion de guardado de la imagen con titulo departamentos
[2023-03-01 11:27:34] [ INFO ] [ImagenService:40] Se inicio una operacion de listado de imagenes 
[2023-03-01 11:30:15] [ INFO ] [ImagenService:24] Se inicio una operacion de guardado de la imagen con titulo departamentos
[2023-03-01 11:30:16] [ INFO ] [ImagenService:24] Se inicio una operacion de guardado de la imagen con titulo departamentos
[2023-03-01 11:30:17] [ INFO ] [ImagenService:24] Se inicio una operacion de guardado de la imagen con titulo departamentos
[2023-03-01 11:30:18] [ INFO ] [ImagenService:24] Se inicio una operacion de guardado de la imagen con titulo departamentos
[2023-03-01 11:30:18] [ INFO ] [ImagenService:24] Se inicio una operacion de guardado de la imagen con titulo departamentos
[2023-03-01 11:30:24] [ INFO ] [CategoriaService:26] Se inicio una operacion de guardado de la categoria con titulo departamentos
[2023-03-01 11:30:25] [ INFO ] [CategoriaService:26] Se inicio una operacion de guardado de la categoria con titulo departamentos
[2023-03-01 11:30:26] [ INFO ] [CategoriaService:26] Se inicio una operacion de guardado de la categoria con titulo departamentos
[2023-03-01 11:34:43] [ INFO ] [ImagenService:24] Se inicio una operacion de guardado de la imagen con titulo departamentos
[2023-03-01 12:22:32] [ INFO ] [ImagenService:24] Se inicio una operacion de guardado de la imagen con titulo departamentos
[2023-03-01 12:22:33] [ INFO ] [ImagenService:24] Se inicio una operacion de guardado de la imagen con titulo departamentos
[2023-03-01 12:22:37] [ INFO ] [ImagenService:24] Se inicio una operacion de guardado de la imagen con titulo null
[2023-03-01 12:22:40] [ INFO ] [ImagenService:24] Se inicio una operacion de guardado de la imagen con titulo null
[2023-03-01 13:17:27] [ INFO ] [CategoriaService:36] Se inicio una operacion de busqueda de categoria con ID null
[2023-03-01 13:17:29] [ INFO ] [CategoriaService:36] Se inicio una operacion de busqueda de categoria con ID null
[2023-03-01 13:21:57] [ INFO ] [CategoriaService:36] Se inicio una operacion de busqueda de categoria con ID null
[2023-03-01 13:21:58] [ INFO ] [CategoriaService:36] Se inicio una operacion de busqueda de categoria con ID null
[2023-03-01 13:23:24] [ INFO ] [CategoriaService:36] Se inicio una operacion de busqueda de categoria con ID null
[2023-03-01 13:23:25] [ INFO ] [CategoriaService:36] Se inicio una operacion de busqueda de categoria con ID null
[2023-03-01 13:56:30] [ INFO ] [ImagenService:24] Se inicio una operacion de guardado de la imagen con titulo null
[2023-03-01 13:56:31] [ INFO ] [ImagenService:24] Se inicio una operacion de guardado de la imagen con titulo null
[2023-03-01 13:56:34] [ INFO ] [ImagenService:24] Se inicio una operacion de guardado de la imagen con titulo departamentos
[2023-03-01 13:56:35] [ INFO ] [ImagenService:24] Se inicio una operacion de guardado de la imagen con titulo departamentos
[2023-03-01 13:56:38] [ INFO ] [CategoriaService:26] Se inicio una operacion de guardado de la categoria con titulo departamentos
[2023-03-01 13:56:42] [ INFO ] [CategoriaService:36] Se inicio una operacion de busqueda de categoria con ID null
[2023-03-01 13:56:56] [ INFO ] [CategoriaService:36] Se inicio una operacion de busqueda de categoria con ID 1
[2023-03-01 13:57:02] [ INFO ] [CategoriaService:36] Se inicio una operacion de busqueda de categoria con ID 1
[2023-03-01 13:57:19] [ INFO ] [CategoriaService:36] Se inicio una operacion de busqueda de categoria con ID null
[2023-03-01 13:57:51] [ INFO ] [ImagenService:24] Se inicio una operacion de guardado de la imagen con titulo departamentos
[2023-03-01 13:57:58] [ INFO ] [CategoriaService:36] Se inicio una operacion de busqueda de categoria con ID 1
[2023-03-01 13:58:00] [ INFO ] [CategoriaService:36] Se inicio una operacion de busqueda de categoria con ID 1
[2023-03-01 14:11:08] [ INFO ] [CategoriaService:42] Se inicio una operacion de listado de categorias 
[2023-03-01 14:11:12] [ INFO ] [CategoriaService:36] Se inicio una operacion de busqueda de categoria con ID 3
[2023-03-01 14:11:20] [ INFO ] [CategoriaService:42] Se inicio una operacion de listado de categorias 
[2023-03-01 14:11:28] [ INFO ] [CategoriaService:26] Se inicio una operacion de guardado de la categoria con titulo HOTELESSSSSSSSS
[2023-03-01 14:11:29] [ INFO ] [CategoriaService:26] Se inicio una operacion de guardado de la categoria con titulo HOTELESSSSSSSSS
[2023-03-01 14:11:36] [ INFO ] [CategoriaService:36] Se inicio una operacion de busqueda de categoria con ID 5
[2023-03-01 14:28:40] [ INFO ] [CategoriaService:26] Se inicio una operacion de guardado de la categoria con titulo HOTELESSSSSSSSS
[2023-03-01 14:28:57] [ INFO ] [CategoriaService:36] Se inicio una operacion de busqueda de categoria con ID 1
[2023-03-01 14:28:57] [ INFO ] [CategoriaService:31] Se inicio una operacion de actualizado de categoria con ID= 1
[2023-03-01 14:29:07] [ INFO ] [CategoriaService:42] Se inicio una operacion de listado de categorias 
[2023-03-01 14:29:12] [ INFO ] [CategoriaService:36] Se inicio una operacion de busqueda de categoria con ID 1
[2023-03-01 14:29:12] [ INFO ] [CategoriaService:36] Se inicio una operacion de busqueda de categoria con ID 1
[2023-03-01 14:29:16] [ INFO ] [CategoriaService:36] Se inicio una operacion de busqueda de categoria con ID 2
[2023-03-01 14:29:16] [ INFO ] [CategoriaService:36] Se inicio una operacion de busqueda de categoria con ID 2
[2023-03-01 14:29:39] [ INFO ] [CategoriaService:36] Se inicio una operacion de busqueda de categoria con ID 1
[2023-03-01 14:29:39] [ INFO ] [CategoriaService:36] Se inicio una operacion de busqueda de categoria con ID 1
[2023-03-01 14:29:56] [ INFO ] [CategoriaService:26] Se inicio una operacion de guardado de la categoria con titulo HOTELESSSSSSSSS
[2023-03-01 14:29:58] [ INFO ] [CategoriaService:36] Se inicio una operacion de busqueda de categoria con ID 1
[2023-03-01 14:29:58] [ INFO ] [CategoriaService:31] Se inicio una operacion de actualizado de categoria con ID= 1
[2023-03-01 14:30:01] [ INFO ] [CategoriaService:36] Se inicio una operacion de busqueda de categoria con ID 1
[2023-03-01 14:30:03] [ INFO ] [CategoriaService:42] Se inicio una operacion de listado de categorias 
[2023-03-01 14:30:16] [ INFO ] [CategoriaService:36] Se inicio una operacion de busqueda de categoria con ID 5
[2023-03-01 14:30:16] [ INFO ] [CategoriaService:36] Se inicio una operacion de busqueda de categoria con ID 5
[2023-03-01 14:30:51] [ INFO ] [CategoriaService:36] Se inicio una operacion de busqueda de categoria con ID 5
[2023-03-01 14:30:51] [ INFO ] [CategoriaService:36] Se inicio una operacion de busqueda de categoria con ID 5
[2023-03-01 14:31:09] [ INFO ] [CategoriaService:36] Se inicio una operacion de busqueda de categoria con ID 5
[2023-03-01 14:31:09] [ INFO ] [CategoriaService:36] Se inicio una operacion de busqueda de categoria con ID 5
[2023-03-01 14:32:34] [ INFO ] [ImagenService:34] Se inicio una operacion de busqueda de imagen con ID 2
[2023-03-01 14:32:34] [ INFO ] [ImagenService:34] Se inicio una operacion de busqueda de imagen con ID 2
[2023-03-01 14:32:34] [ WARN ] [ImagenService:48] Se realizo una operacion de eliminado de imagen con id 2
[2023-03-01 14:32:58] [ INFO ] [CategoriaService:36] Se inicio una operacion de busqueda de categoria con ID 5
[2023-03-01 14:32:58] [ INFO ] [CategoriaService:36] Se inicio una operacion de busqueda de categoria con ID 5
[2023-03-01 14:34:03] [ INFO ] [ImagenService:24] Se inicio una operacion de guardado de la imagen con titulo departamentos
[2023-03-01 14:34:06] [ INFO ] [CategoriaService:36] Se inicio una operacion de busqueda de categoria con ID 5
[2023-03-01 14:34:09] [ INFO ] [CategoriaService:36] Se inicio una operacion de busqueda de categoria con ID 5
[2023-03-01 14:34:13] [ INFO ] [CategoriaService:26] Se inicio una operacion de guardado de la categoria con titulo HOTELESSSSSSSSS
[2023-03-01 14:34:18] [ INFO ] [CategoriaService:36] Se inicio una operacion de busqueda de categoria con ID 9
[2023-03-01 14:34:18] [ INFO ] [CategoriaService:36] Se inicio una operacion de busqueda de categoria con ID 9
[2023-03-01 14:34:18] [ WARN ] [CategoriaService:50] Se realizo una operacion de eliminado de categoria con id 9
[2023-03-01 14:34:26] [ INFO ] [CategoriaService:36] Se inicio una operacion de busqueda de categoria con ID 8
[2023-03-01 14:34:26] [ INFO ] [CategoriaService:36] Se inicio una operacion de busqueda de categoria con ID 8
[2023-03-01 14:34:26] [ WARN ] [CategoriaService:50] Se realizo una operacion de eliminado de categoria con id 8
[2023-03-01 14:35:49] [ INFO ] [CategoriaService:36] Se inicio una operacion de busqueda de categoria con ID 5
[2023-03-01 14:35:49] [ INFO ] [CategoriaService:36] Se inicio una operacion de busqueda de categoria con ID 5
[2023-03-01 14:35:50] [ INFO ] [CategoriaService:36] Se inicio una operacion de busqueda de categoria con ID 5
[2023-03-01 14:36:11] [ INFO ] [CategoriaService:36] Se inicio una operacion de busqueda de categoria con ID 5
[2023-03-01 14:36:11] [ INFO ] [CategoriaService:36] Se inicio una operacion de busqueda de categoria con ID 5
[2023-03-01 14:36:11] [ WARN ] [CategoriaService:50] Se realizo una operacion de eliminado de categoria con id 5
[2023-03-02 10:15:23] [ INFO ] [CategoriaService:26] Se inicio una operacion de guardado de la categoria con titulo HOTELESSSSSSSSS
[2023-03-02 10:15:24] [ INFO ] [CategoriaService:26] Se inicio una operacion de guardado de la categoria con titulo HOTELESSSSSSSSS
[2023-03-02 10:15:25] [ INFO ] [CategoriaService:26] Se inicio una operacion de guardado de la categoria con titulo HOTELESSSSSSSSS
[2023-03-02 10:15:48] [ INFO ] [CategoriaService:36] Se inicio una operacion de busqueda de categoria con ID 2
[2023-03-02 10:15:48] [ INFO ] [CategoriaService:31] Se inicio una operacion de actualizado de categoria con ID= 2
[2023-03-02 10:15:56] [ INFO ] [CategoriaService:36] Se inicio una operacion de busqueda de categoria con ID 1
[2023-03-02 10:15:56] [ INFO ] [CategoriaService:36] Se inicio una operacion de busqueda de categoria con ID 1
[2023-03-02 10:15:56] [ WARN ] [CategoriaService:50] Se realizo una operacion de eliminado de categoria con id 1
[2023-03-02 10:15:59] [ INFO ] [CategoriaService:36] Se inicio una operacion de busqueda de categoria con ID 1
[2023-03-02 10:16:07] [ INFO ] [CategoriaService:36] Se inicio una operacion de busqueda de categoria con ID 1
[2023-03-02 10:16:07] [ INFO ] [CategoriaService:36] Se inicio una operacion de busqueda de categoria con ID 1
[2023-03-02 10:16:07] [ WARN ] [CategoriaService:50] Se realizo una operacion de eliminado de categoria con id 1
[2023-03-02 10:16:15] [ INFO ] [CategoriaService:42] Se inicio una operacion de listado de categorias 
[2023-03-02 10:17:03] [ INFO ] [CategoriaService:36] Se inicio una operacion de busqueda de categoria con ID 5
[2023-03-02 10:18:40] [ INFO ] [CategoriaService:42] Se inicio una operacion de listado de categorias 
[2023-03-02 10:18:46] [ INFO ] [CategoriaService:36] Se inicio una operacion de busqueda de categoria con ID 2
[2023-03-02 10:18:46] [ INFO ] [CategoriaService:36] Se inicio una operacion de busqueda de categoria con ID 2
[2023-03-02 10:18:55] [ INFO ] [CategoriaService:42] Se inicio una operacion de listado de categorias 
[2023-03-02 10:18:58] [ INFO ] [CategoriaService:36] Se inicio una operacion de busqueda de categoria con ID 2
[2023-03-02 10:18:58] [ INFO ] [CategoriaService:36] Se inicio una operacion de busqueda de categoria con ID 2
[2023-03-02 10:20:02] [ INFO ] [CategoriaService:26] Se inicio una operacion de guardado de la categoria con titulo HOTELESSSSSSSSS
[2023-03-02 10:20:11] [ INFO ] [CategoriaService:36] Se inicio una operacion de busqueda de categoria con ID 13
[2023-03-02 10:20:11] [ INFO ] [CategoriaService:36] Se inicio una operacion de busqueda de categoria con ID 13
[2023-03-02 10:20:11] [ WARN ] [CategoriaService:50] Se realizo una operacion de eliminado de categoria con id 13
[2023-03-02 10:20:14] [ INFO ] [CategoriaService:42] Se inicio una operacion de listado de categorias 
[2023-03-02 10:20:22] [ INFO ] [CategoriaService:36] Se inicio una operacion de busqueda de categoria con ID 11
[2023-03-02 10:20:22] [ INFO ] [CategoriaService:36] Se inicio una operacion de busqueda de categoria con ID 11
[2023-03-02 10:20:22] [ WARN ] [CategoriaService:50] Se realizo una operacion de eliminado de categoria con id 11
[2023-03-02 10:20:23] [ INFO ] [CategoriaService:42] Se inicio una operacion de listado de categorias 
[2023-03-02 10:20:43] [ INFO ] [CategoriaService:36] Se inicio una operacion de busqueda de categoria con ID 5
[2023-03-02 10:21:59] [ INFO ] [CategoriaService:36] Se inicio una operacion de busqueda de categoria con ID 2
[2023-03-02 10:21:59] [ INFO ] [CategoriaService:31] Se inicio una operacion de actualizado de categoria con ID= 2
[2023-03-02 10:22:02] [ INFO ] [CategoriaService:42] Se inicio una operacion de listado de categorias 
[2023-03-02 11:13:44] [ INFO ] [CategoriaService:26] Se inicio una operacion de guardado de la categoria con titulo HOLA
[2023-03-02 11:13:53] [ INFO ] [CategoriaService:36] Se inicio una operacion de busqueda de categoria con ID 14
[2023-03-02 11:13:53] [ INFO ] [CategoriaService:31] Se inicio una operacion de actualizado de categoria con ID= 14
[2023-03-02 11:13:59] [ INFO ] [CategoriaService:36] Se inicio una operacion de busqueda de categoria con ID 14
[2023-03-02 11:15:04] [ INFO ] [CategoriaService:26] Se inicio una operacion de guardado de la categoria con titulo HOLA
[2023-03-02 11:22:41] [ INFO ] [CategoriaService:26] Se inicio una operacion de guardado de la categoria con titulo HOLA
[2023-03-02 12:54:53] [ INFO ] [CategoriaService:42] Se inicio una operacion de listado de categorias 
[2023-03-02 12:57:34] [ INFO ] [CategoriaService:26] Se inicio una operacion de guardado de la categoria con titulo departamentos
[2023-03-02 12:57:43] [ INFO ] [CategoriaService:26] Se inicio una operacion de guardado de la categoria con titulo Hoteles
[2023-03-02 13:20:58] [ INFO ] [ImagenService:24] Se inicio una operacion de guardado de la imagen con titulo departamentos
[2023-03-02 13:26:34] [ INFO ] [CategoriaService:50] Se inicio una operacion de listado de categorias 
[2023-03-02 13:26:58] [ INFO ] [CategoriaService:33] Se inicio una operacion de guardado de la categoria con titulo Hoteles
[2023-03-02 13:27:21] [ INFO ] [CategoriaService:33] Se inicio una operacion de guardado de la categoria con titulo Departamentos
[2023-03-02 13:27:39] [ INFO ] [CategoriaService:44] Se inicio una operacion de busqueda de categoria con ID 1
[2023-03-02 13:27:39] [ INFO ] [CategoriaService:39] Se inicio una operacion de actualizado de categoria con ID= 1
[2023-03-02 13:27:43] [ INFO ] [CategoriaService:50] Se inicio una operacion de listado de categorias 
[2023-03-02 13:27:51] [ INFO ] [CategoriaService:44] Se inicio una operacion de busqueda de categoria con ID 1
[2023-03-02 13:27:51] [ INFO ] [CategoriaService:44] Se inicio una operacion de busqueda de categoria con ID 1
[2023-03-02 13:27:51] [ WARN ] [CategoriaService:58] Se realizo una operacion de eliminado de categoria con id 1
[2023-03-02 13:27:55] [ INFO ] [CategoriaService:44] Se inicio una operacion de busqueda de categoria con ID 2
[2023-03-02 13:29:22] [ INFO ] [CategoriaService:33] Se inicio una operacion de guardado de la categoria con titulo Departamentos
[2023-03-02 13:29:45] [ INFO ] [CategoriaService:33] Se inicio una operacion de guardado de la categoria con titulo htl
[2023-03-02 13:36:58] [ INFO ] [ImagenService:46] Se inicio una operacion de listado de imagenes 
[2023-03-02 14:00:24] [ INFO ] [CategoriaService:33] Se inicio una operacion de guardado de la categoria con titulo htl
[2023-03-02 14:00:46] [ INFO ] [ImagenService:46] Se inicio una operacion de listado de imagenes 
[2023-03-02 14:02:11] [ INFO ] [ImagenService:46] Se inicio una operacion de listado de imagenes 
[2023-03-02 14:10:11] [ INFO ] [CategoriaService:50] Se inicio una operacion de listado de categorias 
[2023-03-02 14:10:27] [ INFO ] [ImagenService:46] Se inicio una operacion de listado de imagenes 
[2023-03-02 15:20:50] [ INFO ] [CategoriaService:33] Se inicio una operacion de guardado de la categoria con titulo htl
[2023-03-02 15:25:15] [ INFO ] [ImagenService:46] Se inicio una operacion de listado de imagenes 
[2023-03-02 17:04:43] [ INFO ] [CategoriaService:33] Se inicio una operacion de guardado de la categoria con titulo htl
[2023-03-03 09:43:18] [ INFO ] [CiudadService:29] Se inicio una operacion de guardado de la ciudad con titulo Buenos Aires
[2023-03-03 09:43:24] [ INFO ] [CiudadService:29] Se inicio una operacion de guardado de la ciudad con titulo Mendoza
[2023-03-03 09:47:51] [ INFO ] [CiudadService:29] Se inicio una operacion de guardado de la ciudad con titulo Mendoza
[2023-03-03 09:47:55] [ INFO ] [CiudadService:40] Se inicio una operacion de busqueda de ciudad con ID 2
[2023-03-03 09:47:55] [ INFO ] [CiudadService:35] Se inicio una operacion de actualizado de ciudad con ID= 2
[2023-03-03 09:47:58] [ INFO ] [CiudadService:40] Se inicio una operacion de busqueda de ciudad con ID 1
[2023-03-03 09:47:58] [ INFO ] [CiudadService:40] Se inicio una operacion de busqueda de ciudad con ID 1
[2023-03-03 09:47:58] [ WARN ] [CiudadService:54] Se realizo una operacion de eliminado de ciudad con id 1
[2023-03-03 09:48:01] [ INFO ] [CiudadService:40] Se inicio una operacion de busqueda de ciudad con ID 2
[2023-03-03 09:48:03] [ INFO ] [CiudadService:46] Se inicio una operacion de listado de ciudades 
[2023-03-03 09:54:22] [ INFO ] [CategoriaService:50] Se inicio una operacion de listado de categorias 
[2023-03-03 10:24:13] [ INFO ] [CaracteristicaService:32] Se inicio una operacion de guardado de la caracteristica con nombre wifi
[2023-03-03 10:24:16] [ INFO ] [CaracteristicaService:32] Se inicio una operacion de guardado de la caracteristica con nombre wifi
[2023-03-03 10:30:50] [ INFO ] [CaracteristicaService:48] Se inicio una operacion de listado de caracteristicas 
[2023-03-03 11:14:05] [ INFO ] [CategoriaService:33] Se inicio una operacion de guardado de la categoria con titulo Departamentos
[2023-03-03 11:14:11] [ INFO ] [CategoriaService:44] Se inicio una operacion de busqueda de categoria con ID 1
[2023-03-03 11:14:18] [ INFO ] [CaracteristicaService:32] Se inicio una operacion de guardado de la caracteristica con nombre wifi
[2023-03-03 11:14:26] [ INFO ] [CaracteristicaService:32] Se inicio una operacion de guardado de la caracteristica con nombre Ubic
[2023-03-03 11:14:32] [ INFO ] [CaracteristicaService:42] Se inicio una operacion de busqueda de caracteristica con ID 1
[2023-03-03 11:14:35] [ INFO ] [CaracteristicaService:48] Se inicio una operacion de listado de caracteristicas 
[2023-03-03 11:14:40] [ INFO ] [CiudadService:29] Se inicio una operacion de guardado de la ciudad con titulo Mendoza
[2023-03-03 11:14:47] [ INFO ] [CiudadService:29] Se inicio una operacion de guardado de la ciudad con titulo Cordoba
[2023-03-03 11:16:25] [ INFO ] [CategoriaService:50] Se inicio una operacion de listado de categorias 
[2023-03-03 11:16:28] [ INFO ] [CiudadService:46] Se inicio una operacion de listado de ciudades 
[2023-03-03 11:16:32] [ INFO ] [CaracteristicaService:48] Se inicio una operacion de listado de caracteristicas 
[2023-03-03 11:19:20] [ INFO ] [CategoriaService:33] Se inicio una operacion de guardado de la categoria con titulo Departamentos
[2023-03-03 11:19:31] [ INFO ] [CiudadService:29] Se inicio una operacion de guardado de la ciudad con titulo Cordoba
[2023-03-03 11:21:32] [ INFO ] [CategoriaService:33] Se inicio una operacion de guardado de la categoria con titulo Departamentos
[2023-03-03 11:21:35] [ INFO ] [CiudadService:29] Se inicio una operacion de guardado de la ciudad con titulo Cordoba
[2023-03-03 11:21:37] [ INFO ] [CaracteristicaService:32] Se inicio una operacion de guardado de la caracteristica con nombre Ubic
[2023-03-03 16:01:47] [ INFO ] [CategoriaService:33] Se inicio una operacion de guardado de la categoria con titulo Departamentos
[2023-03-03 16:02:03] [ INFO ] [CaracteristicaService:32] Se inicio una operacion de guardado de la caracteristica con nombre Ubic
[2023-03-03 16:02:07] [ INFO ] [CaracteristicaService:32] Se inicio una operacion de guardado de la caracteristica con nombre wifi
[2023-03-03 16:02:11] [ INFO ] [CiudadService:29] Se inicio una operacion de guardado de la ciudad con titulo Cordoba
[2023-03-04 12:31:13] [ INFO ] [CategoriaService:33] Se inicio una operacion de guardado de la categoria con titulo Departamentos
[2023-03-04 12:31:17] [ INFO ] [CaracteristicaService:32] Se inicio una operacion de guardado de la caracteristica con nombre wifi
[2023-03-04 12:31:20] [ INFO ] [CiudadService:29] Se inicio una operacion de guardado de la ciudad con titulo Cordoba
[2023-03-04 12:31:26] [ INFO ] [CaracteristicaService:32] Se inicio una operacion de guardado de la caracteristica con nombre wifi
[2023-03-04 12:56:24] [ INFO ] [CaracteristicaService:32] Se inicio una operacion de guardado de la caracteristica con nombre wifi
[2023-03-04 14:54:47] [ INFO ] [CaracteristicaService:48] Se inicio una operacion de listado de caracteristicas 
[2023-03-04 14:55:29] [ INFO ] [CaracteristicaService:32] Se inicio una operacion de guardado de la caracteristica con nombre wifi
[2023-03-04 14:55:31] [ INFO ] [CaracteristicaService:32] Se inicio una operacion de guardado de la caracteristica con nombre wifi
[2023-03-04 14:55:37] [ INFO ] [CiudadService:29] Se inicio una operacion de guardado de la ciudad con titulo Cordoba
[2023-03-04 14:55:39] [ INFO ] [CategoriaService:33] Se inicio una operacion de guardado de la categoria con titulo Departamentos
[2023-03-04 14:56:21] [ INFO ] [ImagenService:29] Se inicio una operacion de guardado de la imagen con titulo departamentos
[2023-03-04 15:18:55] [ INFO ] [CategoriaService:50] Se inicio una operacion de listado de categorias 
